<?xml version="1.0" encoding="UTF-8"?>
<!-- Generated by org.testng.reporters.JUnitReportReporter -->
<testsuite hostname="LAPTOP-MC4R20CB" failures="0" tests="1" name="com.ripplestreet.AllPutApis.optInsControllerPutApi" time="3.156" errors="0" timestamp="2023-07-05T15:33:54 IST" skipped="0">
  <testcase classname="com.ripplestreet.AllPutApis.optInsControllerPutApi" name="UpdateOtpIn" time="3.156"/>
  <system-out/>
</testsuite> <!-- com.ripplestreet.AllPutApis.optInsControllerPutApi -->
