<?xml version="1.0" encoding="UTF-8"?>
<!-- Generated by org.testng.reporters.JUnitReportReporter -->
<testsuite hostname="LAPTOP-MC4R20CB" failures="0" tests="1" name="AudienceSearchControllerGetApi" time="3.772" errors="0" timestamp="2023-06-20T14:57:42 IST" skipped="0">
  <testcase classname="AudienceSearchControllerGetApi" name="searchableFields" time="3.772"/>
  <system-out/>
</testsuite> <!-- AudienceSearchControllerGetApi -->
