<?xml version="1.0" encoding="UTF-8"?>
<!-- Generated by org.testng.reporters.JUnitReportReporter -->
<testsuite hostname="LAPTOP-MC4R20CB" failures="0" tests="3" name="com.ripplestreet.AllPutApis.EventDetailControllerPutApi" time="7.524" errors="0" timestamp="2023-07-07T14:31:45 IST" skipped="0">
  <testcase classname="com.ripplestreet.AllPutApis.EventDetailControllerPutApi" name="addEventBasicDetail" time="1.827"/>
  <system-out/>
  <testcase classname="com.ripplestreet.AllPutApis.EventDetailControllerPutApi" name="UpdateEventTarget" time="3.428"/>
  <system-out/>
  <testcase classname="com.ripplestreet.AllPutApis.EventDetailControllerPutApi" name="updateeventEventMileStones" time="2.269"/>
  <system-out/>
</testsuite> <!-- com.ripplestreet.AllPutApis.EventDetailControllerPutApi -->
