<?xml version="1.0" encoding="UTF-8"?>
<!-- Generated by org.testng.reporters.JUnitReportReporter -->
<testsuite hostname="LAPTOP-MC4R20CB" failures="0" tests="1" name="com.ripplestreet.AllGetApis.ReservationControllerGetApi" time="0.750" errors="0" timestamp="2023-06-30T17:58:58 IST" skipped="0">
  <testcase classname="com.ripplestreet.AllGetApis.ReservationControllerGetApi" name="GetUserStatusCountbyEventId" time="0.750"/>
  <system-out/>
</testsuite> <!-- com.ripplestreet.AllGetApis.ReservationControllerGetApi -->
