<?xml version="1.0" encoding="UTF-8"?>
<!-- Generated by org.testng.reporters.JUnitReportReporter -->
<testsuite hostname="LAPTOP-MC4R20CB" failures="0" tests="1" name="com.ripplestreet.eventController.AudienceControllerGetApi" time="2.943" errors="0" timestamp="2023-06-16T11:46:28 IST" skipped="0">
  <testcase classname="com.ripplestreet.eventController.AudienceControllerGetApi" name="getParticipantsWithApplicationsForEvent" time="2.943"/>
  <system-out/>
</testsuite> <!-- com.ripplestreet.eventController.AudienceControllerGetApi -->
