<?xml version="1.0" encoding="UTF-8"?>
<!-- Generated by org.testng.reporters.JUnitReportReporter -->
<testsuite hostname="LAPTOP-MC4R20CB" failures="0" tests="3" name="com.ripplestreet.AllPutApis.EventControllerPutApi" time="7.931" errors="0" timestamp="2023-07-05T11:29:34 IST" skipped="0">
  <testcase classname="com.ripplestreet.AllPutApis.EventControllerPutApi" name="updateComment" time="3.847"/>
  <system-out/>
  <testcase classname="com.ripplestreet.AllPutApis.EventControllerPutApi" name="updateEventPacksCount" time="2.180"/>
  <system-out/>
  <testcase classname="com.ripplestreet.AllPutApis.EventControllerPutApi" name="updateEventSubscriptions" time="1.904"/>
  <system-out/>
</testsuite> <!-- com.ripplestreet.AllPutApis.EventControllerPutApi -->
