<?xml version="1.0" encoding="UTF-8"?>
<!-- Generated by org.testng.reporters.JUnitReportReporter -->
<testsuite hostname="LAPTOP-MC4R20CB" failures="0" tests="9" name="com.ripplestreet.AllGetApis.CommunityControllerGetApi" time="25.597" errors="0" timestamp="2023-06-30T17:58:58 IST" skipped="0">
  <testcase classname="com.ripplestreet.AllGetApis.CommunityControllerGetApi" name="getUserDetails" time="1.636"/>
  <system-out/>
  <testcase classname="com.ripplestreet.AllGetApis.CommunityControllerGetApi" name="getUserParticipationBits" time="1.414"/>
  <system-out/>
  <testcase classname="com.ripplestreet.AllGetApis.CommunityControllerGetApi" name="getAllAddressEntriesByPersonId" time="1.566"/>
  <system-out/>
  <testcase classname="com.ripplestreet.AllGetApis.CommunityControllerGetApi" name="getAllUsersByEventAndParticipantType" time="1.664"/>
  <system-out/>
  <testcase classname="com.ripplestreet.AllGetApis.CommunityControllerGetApi" name="GettingDetailOfHeadHostByPersonId" time="1.645"/>
  <system-out/>
  <testcase classname="com.ripplestreet.AllGetApis.CommunityControllerGetApi" name="getUserEventParticipationBit" time="1.631"/>
  <system-out/>
  <testcase classname="com.ripplestreet.AllGetApis.CommunityControllerGetApi" name="getAllEventsByUserAndParticipantType" time="1.600"/>
  <system-out/>
  <testcase classname="com.ripplestreet.AllGetApis.CommunityControllerGetApi" name="getUserProfile" time="1.549"/>
  <system-out/>
  <testcase classname="com.ripplestreet.AllGetApis.CommunityControllerGetApi" name="getUserListByFilters" time="12.892"/>
  <system-out/>
</testsuite> <!-- com.ripplestreet.AllGetApis.CommunityControllerGetApi -->
