<?xml version="1.0" encoding="UTF-8"?>
<!-- Generated by org.testng.reporters.JUnitReportReporter -->
<testsuite hostname="LAPTOP-MC4R20CB" failures="0" tests="14" name="com.ripplestreet.eventController.EventControllerApi" time="23.961" errors="1" timestamp="2023-06-14T15:35:01 IST" skipped="0">
  <testcase classname="com.ripplestreet.eventController.EventControllerApi" name="getCurrentMileStonesByEvent" time="2.670"/>
  <system-out/>
  <testcase classname="com.ripplestreet.eventController.EventControllerApi" name="getAllCurrentMileStoneByEvent" time="2.059"/>
  <system-out/>
  <testcase classname="com.ripplestreet.eventController.EventControllerApi" name="getAllEvents" time="1.888"/>
  <system-out/>
  <testcase classname="com.ripplestreet.eventController.EventControllerApi" name="getAllMileStonesByEvent" time="1.595"/>
  <system-out/>
  <testcase classname="com.ripplestreet.eventController.EventControllerApi" name="getAllProductByEvents" time="1.828"/>
  <system-out/>
  <testcase classname="com.ripplestreet.eventController.EventControllerApi" name="getAllServices" time="1.522"/>
  <system-out/>
  <testcase classname="com.ripplestreet.eventController.EventControllerApi" name="getAllSubscriptionsByEvent" time="1.556"/>
  <system-out/>
  <testcase classname="com.ripplestreet.eventController.EventControllerApi" name="getAllSubscriptionsByServiceName" time="1.539"/>
  <system-out/>
  <testcase classname="com.ripplestreet.eventController.EventControllerApi" name="getEventById" time="1.510"/>
  <system-out/>
  <testcase classname="com.ripplestreet.eventController.EventControllerApi" name="getEventDetailBySlug" time="1.536"/>
  <system-out/>
  <testcase classname="com.ripplestreet.eventController.EventControllerApi" name="getProductDetailEventIdAndProductId" time="1.543"/>
  <system-out/>
  <testcase classname="com.ripplestreet.eventController.EventControllerApi" name="getpackAndApplicationCountByEventId" time="1.632"/>
  <system-out/>
  <testcase classname="com.ripplestreet.eventController.EventControllerApi" name="getByEventName" time="1.532"/>
  <system-out/>
  <testcase classname="com.ripplestreet.eventController.EventControllerApi" name="getEventDetailForWorkFlow" time="1.551">
    <error message="class io.restassured.internal.ValidatableResponseImpl cannot be cast to class io.restassured.response.Response (io.restassured.internal.ValidatableResponseImpl and io.restassured.response.Response are in unnamed module of loader &#039;app&#039;)" type="java.lang.ClassCastException">
      <![CDATA[java.lang.ClassCastException: class io.restassured.internal.ValidatableResponseImpl cannot be cast to class io.restassured.response.Response (io.restassured.internal.ValidatableResponseImpl and io.restassured.response.Response are in unnamed module of loader 'app')
at com.ripplestreet.eventController.EventControllerApi.getEventDetailForWorkFlow(EventControllerApi.java:141)
at java.base/jdk.internal.reflect.NativeMethodAccessorImpl.invoke0(Native Method)
at java.base/jdk.internal.reflect.NativeMethodAccessorImpl.invoke(NativeMethodAccessorImpl.java:77)
at java.base/jdk.internal.reflect.DelegatingMethodAccessorImpl.invoke(DelegatingMethodAccessorImpl.java:43)
at java.base/java.lang.reflect.Method.invoke(Method.java:568)
at org.testng.internal.invokers.MethodInvocationHelper.invokeMethod(MethodInvocationHelper.java:139)
at org.testng.internal.invokers.TestInvoker.invokeMethod(TestInvoker.java:677)
at org.testng.internal.invokers.TestInvoker.invokeTestMethod(TestInvoker.java:221)
at org.testng.internal.invokers.MethodRunner.runInSequence(MethodRunner.java:50)
at org.testng.internal.invokers.TestInvoker$MethodInvocationAgent.invoke(TestInvoker.java:969)
at org.testng.internal.invokers.TestInvoker.invokeTestMethods(TestInvoker.java:194)
at org.testng.internal.invokers.TestMethodWorker.invokeTestMethods(TestMethodWorker.java:148)
at org.testng.internal.invokers.TestMethodWorker.run(TestMethodWorker.java:128)
at java.base/java.util.ArrayList.forEach(ArrayList.java:1511)
at org.testng.TestRunner.privateRun(TestRunner.java:829)
at org.testng.TestRunner.run(TestRunner.java:602)
at org.testng.SuiteRunner.runTest(SuiteRunner.java:437)
at org.testng.SuiteRunner.runSequentially(SuiteRunner.java:431)
at org.testng.SuiteRunner.privateRun(SuiteRunner.java:391)
at org.testng.SuiteRunner.run(SuiteRunner.java:330)
at org.testng.SuiteRunnerWorker.runSuite(SuiteRunnerWorker.java:52)
at org.testng.SuiteRunnerWorker.run(SuiteRunnerWorker.java:95)
at org.testng.TestNG.runSuitesSequentially(TestNG.java:1256)
at org.testng.TestNG.runSuitesLocally(TestNG.java:1176)
at org.testng.TestNG.runSuites(TestNG.java:1099)
at org.testng.TestNG.run(TestNG.java:1067)
at org.testng.remote.AbstractRemoteTestNG.run(AbstractRemoteTestNG.java:115)
at org.testng.remote.RemoteTestNG.initAndRun(RemoteTestNG.java:251)
at org.testng.remote.RemoteTestNG.main(RemoteTestNG.java:77)
]]>
    </error>
  </testcase> <!-- getEventDetailForWorkFlow -->
  <system-out/>
</testsuite> <!-- com.ripplestreet.eventController.EventControllerApi -->
