<?xml version="1.0" encoding="UTF-8"?>
<!-- Generated by org.testng.reporters.JUnitReportReporter -->
<testsuite hostname="LAPTOP-MC4R20CB" failures="0" tests="1" name="com.ripplestreet.eventController.IntrestesControllerGetApi" time="2.907" errors="0" timestamp="2023-06-16T13:03:35 IST" skipped="0">
  <testcase classname="com.ripplestreet.eventController.IntrestesControllerGetApi" name="getUserInterestByPersonId" time="2.907"/>
  <system-out/>
</testsuite> <!-- com.ripplestreet.eventController.IntrestesControllerGetApi -->
