<?xml version="1.0" encoding="UTF-8"?>
<!-- Generated by org.testng.reporters.JUnitReportReporter -->
<testsuite hostname="LAPTOP-MC4R20CB" failures="0" tests="1" name="com.ripplestreet.AllPutApis.TrackerControllerGetApi" time="4.218" errors="0" timestamp="2023-07-07T13:05:55 IST" skipped="0">
  <testcase classname="com.ripplestreet.AllPutApis.TrackerControllerGetApi" name="updateActivityTrackerstatuses" time="4.218"/>
  <system-out/>
</testsuite> <!-- com.ripplestreet.AllPutApis.TrackerControllerGetApi -->
