<?xml version="1.0" encoding="UTF-8"?>
<!-- Generated by org.testng.reporters.JUnitReportReporter -->
<testsuite hostname="LAPTOP-MC4R20CB" failures="0" tests="1" name="com.ripplestreet.AllPutApis.SegmentationDefinitionVersion2ControllerPutApi" time="4.249" errors="0" timestamp="2023-07-05T12:50:10 IST" skipped="0">
  <testcase classname="com.ripplestreet.AllPutApis.SegmentationDefinitionVersion2ControllerPutApi" name="refreshUserCountBySgment" time="4.249"/>
  <system-out/>
</testsuite> <!-- com.ripplestreet.AllPutApis.SegmentationDefinitionVersion2ControllerPutApi -->
