<?xml version="1.0" encoding="UTF-8"?>
<!-- Generated by org.testng.reporters.JUnitReportReporter -->
<testsuite hostname="LAPTOP-MC4R20CB" failures="0" tests="1" name="com.ripplestreet.AllPutApis.SegmentationFolderControllerPutApi" time="3.345" errors="0" timestamp="2023-07-05T13:14:53 IST" skipped="0">
  <testcase classname="com.ripplestreet.AllPutApis.SegmentationFolderControllerPutApi" name="updateASegementfolder" time="3.345"/>
  <system-out/>
</testsuite> <!-- com.ripplestreet.AllPutApis.SegmentationFolderControllerPutApi -->
