<?xml version="1.0" encoding="UTF-8"?>
<!-- Generated by org.testng.reporters.JUnitReportReporter -->
<testsuite hostname="LAPTOP-MC4R20CB" failures="0" tests="1" name="com.ripplestreet.AllPutApis.DraftEventControllerPutApi" time="4.114" errors="0" timestamp="2023-07-07T13:06:26 IST" skipped="0">
  <testcase classname="com.ripplestreet.AllPutApis.DraftEventControllerPutApi" name="updateDraftEvent" time="4.114"/>
  <system-out/>
</testsuite> <!-- com.ripplestreet.AllPutApis.DraftEventControllerPutApi -->
