<?xml version="1.0" encoding="UTF-8"?>
<!-- Generated by org.testng.reporters.JUnitReportReporter -->
<testsuite hostname="LAPTOP-MC4R20CB" failures="0" tests="1" name="com.ripplestreet.AllGetApis.ReservationController" time="3.733" errors="0" timestamp="2023-06-16T15:32:35 IST" skipped="0">
  <testcase classname="com.ripplestreet.AllGetApis.ReservationController" name="GetUserStatusCountbyEventId" time="3.733"/>
  <system-out/>
</testsuite> <!-- com.ripplestreet.AllGetApis.ReservationController -->
