<?xml version="1.0" encoding="UTF-8"?>
<!-- Generated by org.testng.reporters.JUnitReportReporter -->
<testsuite hostname="LAPTOP-MC4R20CB" failures="0" tests="1" name="com.ripplestreet.AllPutApis.AgencyControllerPutApi" time="5.577" errors="0" timestamp="2023-07-06T14:33:51 IST" skipped="0">
  <testcase classname="com.ripplestreet.AllPutApis.AgencyControllerPutApi" name="updateAgency" time="5.577"/>
  <system-out/>
</testsuite> <!-- com.ripplestreet.AllPutApis.AgencyControllerPutApi -->
