<?xml version="1.0" encoding="UTF-8"?>
<!-- Generated by org.testng.reporters.JUnitReportReporter -->
<testsuite hostname="LAPTOP-MC4R20CB" failures="0" tests="1" name="com.ripplestreet.AllPutApis.optInRewardControllerPutApi" time="3.111" errors="0" timestamp="2023-07-05T15:23:24 IST" skipped="0">
  <testcase classname="com.ripplestreet.AllPutApis.optInRewardControllerPutApi" name="UpdateOtpInReward" time="3.111"/>
  <system-out/>
</testsuite> <!-- com.ripplestreet.AllPutApis.optInRewardControllerPutApi -->
