<?xml version="1.0" encoding="UTF-8"?>
<!-- Generated by org.testng.reporters.JUnitReportReporter -->
<testsuite hostname="LAPTOP-MC4R20CB" failures="0" tests="1" name="com.ripplestreet.AllPutApis.RecipientsControllerPutApi" time="4.153" errors="0" timestamp="2023-07-06T14:28:05 IST" skipped="0">
  <testcase classname="com.ripplestreet.AllPutApis.RecipientsControllerPutApi" name="deleteRecipientsByCampaignId" time="4.153"/>
  <system-out/>
</testsuite> <!-- com.ripplestreet.AllPutApis.RecipientsControllerPutApi -->
