<?xml version="1.0" encoding="UTF-8"?>
<!-- Generated by org.testng.reporters.JUnitReportReporter -->
<testsuite hostname="LAPTOP-MC4R20CB" failures="0" tests="1" name="com.ripplestreet.AllPutApis.DiscussionControllerPutApi" time="4.118" errors="0" timestamp="2023-07-04T14:39:21 IST" skipped="0">
  <testcase classname="com.ripplestreet.AllPutApis.DiscussionControllerPutApi" name="updateAdminDiscussion" time="4.118"/>
  <system-out/>
</testsuite> <!-- com.ripplestreet.AllPutApis.DiscussionControllerPutApi -->
