<?xml version="1.0" encoding="UTF-8"?>
<!-- Generated by org.testng.reporters.JUnitReportReporter -->
<testsuite hostname="LAPTOP-MC4R20CB" failures="0" tests="4" name="com.ripplestreet.AllPutApis.CreativeControllerPutApi" time="9.327" errors="0" timestamp="2023-07-07T12:53:05 IST" skipped="0">
  <testcase classname="com.ripplestreet.AllPutApis.CreativeControllerPutApi" name="UpdateHeroPlayListItems" time="2.600"/>
  <system-out/>
  <testcase classname="com.ripplestreet.AllPutApis.CreativeControllerPutApi" name="reOrganizeFavors" time="1.619"/>
  <system-out/>
  <testcase classname="com.ripplestreet.AllPutApis.CreativeControllerPutApi" name="ReOrganizeHeroPlayListItems" time="3.585"/>
  <system-out/>
  <testcase classname="com.ripplestreet.AllPutApis.CreativeControllerPutApi" name="updateFavors" time="1.523"/>
  <system-out/>
</testsuite> <!-- com.ripplestreet.AllPutApis.CreativeControllerPutApi -->
