<?xml version="1.0" encoding="UTF-8"?>
<!-- Generated by org.testng.reporters.JUnitReportReporter -->
<testsuite hostname="LAPTOP-MC4R20CB" failures="0" tests="1" name="com.ripplestreet.eventController.GustesControllerGetApi" time="2.956" errors="0" timestamp="2023-06-16T12:52:49 IST" skipped="0">
  <testcase classname="com.ripplestreet.eventController.GustesControllerGetApi" name="listOfGuests" time="2.956"/>
  <system-out/>
</testsuite> <!-- com.ripplestreet.eventController.GustesControllerGetApi -->
