<?xml version="1.0" encoding="UTF-8"?>
<!-- Generated by org.testng.reporters.JUnitReportReporter -->
<testsuite hostname="LAPTOP-MC4R20CB" failures="0" tests="1" name="com.ripplestreet.eventController.UserStatusControllerGetApi" time="3.774" errors="0" timestamp="2023-06-16T14:09:45 IST" skipped="0">
  <testcase classname="com.ripplestreet.eventController.UserStatusControllerGetApi" name="GetUserAndEventDataByEventIdandPersonId" time="3.774"/>
  <system-out/>
</testsuite> <!-- com.ripplestreet.eventController.UserStatusControllerGetApi -->
