<?xml version="1.0" encoding="UTF-8"?>
<!-- Generated by org.testng.reporters.JUnitReportReporter -->
<testsuite hostname="LAPTOP-MC4R20CB" failures="0" tests="1" name="com.ripplestreet.eventController.ReservationController" time="3.939" errors="0" timestamp="2023-06-16T14:05:14 IST" skipped="0">
  <testcase classname="com.ripplestreet.eventController.ReservationController" name="GetUserStatusCountbyEventId" time="3.939"/>
  <system-out/>
</testsuite> <!-- com.ripplestreet.eventController.ReservationController -->
