<?xml version="1.0" encoding="UTF-8"?>
<!-- Generated by org.testng.reporters.JUnitReportReporter -->
<testsuite hostname="LAPTOP-MC4R20CB" failures="0" tests="4" name="RestAssuredAutomation.RestAp.requresInApi" time="4.364" errors="0" timestamp="2023-06-09T22:37:20 IST" skipped="0">
  <testcase classname="RestAssuredAutomation.RestAp.requresInApi" name="get" time="1.968"/>
  <system-out/>
  <testcase classname="RestAssuredAutomation.RestAp.requresInApi" name="post" time="0.971"/>
  <system-out/>
  <testcase classname="RestAssuredAutomation.RestAp.requresInApi" name="delete" time="0.712"/>
  <system-out/>
  <testcase classname="RestAssuredAutomation.RestAp.requresInApi" name="Patch" time="0.713"/>
  <system-out/>
</testsuite> <!-- RestAssuredAutomation.RestAp.requresInApi -->
