<?xml version="1.0" encoding="UTF-8"?>
<!-- Generated by org.testng.reporters.JUnitReportReporter -->
<testsuite hostname="LAPTOP-MC4R20CB" failures="0" tests="1" name="RestAssuredAutomation.RestAp.Test_01" time="3.006" errors="0" timestamp="2023-06-06T18:02:54 IST" skipped="0">
  <testcase classname="RestAssuredAutomation.RestAp.Test_01" name="test" time="3.006"/>
  <system-out/>
</testsuite> <!-- RestAssuredAutomation.RestAp.Test_01 -->
