<?xml version="1.0" encoding="UTF-8"?>
<!-- Generated by org.testng.reporters.JUnitReportReporter -->
<testsuite hostname="LAPTOP-MC4R20CB" failures="0" tests="1" name="RestAssuredAutomation.readDtafromExcel.ReadDatafromExcel" time="1.033" errors="0" timestamp="2023-06-12T16:08:57 IST" skipped="0">
  <testcase classname="RestAssuredAutomation.readDtafromExcel.ReadDatafromExcel" name="test" time="1.033"/>
  <system-out/>
</testsuite> <!-- RestAssuredAutomation.readDtafromExcel.ReadDatafromExcel -->
