<?xml version="1.0" encoding="UTF-8"?>
<!-- Generated by org.testng.reporters.JUnitReportReporter -->
<testsuite hostname="LAPTOP-MC4R20CB" failures="0" tests="2" name="com.ripplestreet.eventController.AudiencePromotionControllerGetApi" time="3.958" errors="0" timestamp="2023-06-16T11:57:24 IST" skipped="0">
  <testcase classname="com.ripplestreet.eventController.AudiencePromotionControllerGetApi" name="getListOfAudiencePromotionJobsByEventId" time="2.507"/>
  <system-out/>
  <testcase classname="com.ripplestreet.eventController.AudiencePromotionControllerGetApi" name="getListOfInviteOnlyUsersByEventId" time="1.451"/>
  <system-out/>
</testsuite> <!-- com.ripplestreet.eventController.AudiencePromotionControllerGetApi -->
