<?xml version="1.0" encoding="UTF-8"?>
<!-- Generated by org.testng.reporters.JUnitReportReporter -->
<testsuite hostname="LAPTOP-MC4R20CB" failures="0" tests="2" name="com.ripplestreet.AllGetApis.AgencyControllerGetApi" time="3.181" errors="0" timestamp="2023-06-30T17:58:58 IST" skipped="0">
  <testcase classname="com.ripplestreet.AllGetApis.AgencyControllerGetApi" name="getAgencyById" time="1.566"/>
  <system-out/>
  <testcase classname="com.ripplestreet.AllGetApis.AgencyControllerGetApi" name="findAllAgencies" time="1.615"/>
  <system-out/>
</testsuite> <!-- com.ripplestreet.AllGetApis.AgencyControllerGetApi -->
