<?xml version="1.0" encoding="UTF-8"?>
<!-- Generated by org.testng.reporters.JUnitReportReporter -->
<testsuite hostname="LAPTOP-MC4R20CB" failures="0" tests="1" name="com.ripplestreet.EventFeedController.EventFeedControllerPutAndPostApi" time="3.010" errors="0" timestamp="2023-06-15T16:54:26 IST" skipped="0">
  <testcase classname="com.ripplestreet.EventFeedController.EventFeedControllerPutAndPostApi" name="getFeedComments" time="3.010"/>
</testsuite> <!-- com.ripplestreet.EventFeedController.EventFeedControllerPutAndPostApi -->
