<?xml version="1.0" encoding="UTF-8"?>
<!-- Generated by org.testng.reporters.JUnitReportReporter -->
<testsuite hostname="LAPTOP-MC4R20CB" failures="0" tests="2" name="com.ripplestreet.AllGetApis.DraftEventControllerGetApi" time="3.066" errors="0" timestamp="2023-06-30T17:58:58 IST" skipped="0">
  <testcase classname="com.ripplestreet.AllGetApis.DraftEventControllerGetApi" name="getListOfEventsBycampaignId" time="1.649"/>
  <system-out/>
  <testcase classname="com.ripplestreet.AllGetApis.DraftEventControllerGetApi" name="getDraftEventByEventId" time="1.417"/>
  <system-out/>
</testsuite> <!-- com.ripplestreet.AllGetApis.DraftEventControllerGetApi -->
