<?xml version="1.0" encoding="UTF-8"?>
<!-- Generated by org.testng.reporters.JUnitReportReporter -->
<testsuite hostname="LAPTOP-MC4R20CB" failures="0" tests="1" name="com.ripplestreet.eventController.MobileCommunityControllerGetApi" time="2.912" errors="0" timestamp="2023-06-16T13:16:29 IST" skipped="0">
  <testcase classname="com.ripplestreet.eventController.MobileCommunityControllerGetApi" name="getActiveEventsDetailForUser" time="2.912"/>
  <system-out/>
</testsuite> <!-- com.ripplestreet.eventController.MobileCommunityControllerGetApi -->
