<?xml version="1.0" encoding="UTF-8"?>
<!-- Generated by org.testng.reporters.JUnitReportReporter -->
<testsuite hostname="LAPTOP-MC4R20CB" failures="0" tests="2" name="com.ripplestreet.AllGetApis.TaskControllerGetApi" time="2.862" errors="0" timestamp="2023-06-30T17:58:58 IST" skipped="0">
  <testcase classname="com.ripplestreet.AllGetApis.TaskControllerGetApi" name="getListOfTasks" time="1.435"/>
  <system-out/>
  <testcase classname="com.ripplestreet.AllGetApis.TaskControllerGetApi" name="getTask" time="1.427"/>
  <system-out/>
</testsuite> <!-- com.ripplestreet.AllGetApis.TaskControllerGetApi -->
