<?xml version="1.0" encoding="UTF-8"?>
<!-- Generated by org.testng.reporters.JUnitReportReporter -->
<testsuite hostname="LAPTOP-MC4R20CB" failures="0" tests="1" name="com.ripplestreet.eventController.EnrollmentControllerGetApi" time="2.899" errors="0" timestamp="2023-06-16T12:48:28 IST" skipped="0">
  <testcase classname="com.ripplestreet.eventController.EnrollmentControllerGetApi" name="GetUserEnrollments" time="2.899"/>
  <system-out/>
</testsuite> <!-- com.ripplestreet.eventController.EnrollmentControllerGetApi -->
