<?xml version="1.0" encoding="UTF-8"?>
<!-- Generated by org.testng.reporters.JUnitReportReporter -->
<testsuite hostname="LAPTOP-MC4R20CB" failures="0" tests="1" name="com.ripplestreet.AllPutApis.reviewControllerPutApi" time="4.082" errors="0" timestamp="2023-07-04T12:30:18 IST" skipped="0">
  <testcase classname="com.ripplestreet.AllPutApis.reviewControllerPutApi" name="updateExternalReview" time="4.082"/>
  <system-out/>
</testsuite> <!-- com.ripplestreet.AllPutApis.reviewControllerPutApi -->
