<?xml version="1.0" encoding="UTF-8"?>
<!-- Generated by org.testng.reporters.JUnitReportReporter -->
<testsuite hostname="LAPTOP-MC4R20CB" failures="0" tests="9" name="com.ripplestreet.eventController.CommunityControllerGetApi" time="72.774" errors="0" timestamp="2023-06-16T14:23:50 IST" skipped="0">
  <testcase classname="com.ripplestreet.eventController.CommunityControllerGetApi" name="GettingDetailOfHeadHostByPersonId" time="2.698"/>
  <system-out/>
  <testcase classname="com.ripplestreet.eventController.CommunityControllerGetApi" name="getUserEventParticipationBit" time="1.457"/>
  <system-out/>
  <testcase classname="com.ripplestreet.eventController.CommunityControllerGetApi" name="getUserListByFilters" time="53.241"/>
  <system-out/>
  <testcase classname="com.ripplestreet.eventController.CommunityControllerGetApi" name="getUserProfile" time="1.850"/>
  <system-out/>
  <testcase classname="com.ripplestreet.eventController.CommunityControllerGetApi" name="getAllAddressEntriesByPersonId" time="7.650"/>
  <system-out/>
  <testcase classname="com.ripplestreet.eventController.CommunityControllerGetApi" name="getAllEventsByUserAndParticipantType" time="1.409"/>
  <system-out/>
  <testcase classname="com.ripplestreet.eventController.CommunityControllerGetApi" name="getUserDetails" time="1.402"/>
  <system-out/>
  <testcase classname="com.ripplestreet.eventController.CommunityControllerGetApi" name="getUserParticipationBits" time="1.536"/>
  <system-out/>
  <testcase classname="com.ripplestreet.eventController.CommunityControllerGetApi" name="getAllUsersByEventAndParticipantType" time="1.531"/>
  <system-out/>
</testsuite> <!-- com.ripplestreet.eventController.CommunityControllerGetApi -->
