<?xml version="1.0" encoding="UTF-8"?>
<!-- Generated by org.testng.reporters.JUnitReportReporter -->
<testsuite hostname="LAPTOP-MC4R20CB" failures="0" tests="1" name="com.ripplestreet.AllGetApis.IteratorGetApi" time="7.862" errors="0" timestamp="2023-06-29T16:30:28 IST" skipped="0">
  <testcase classname="com.ripplestreet.AllGetApis.IteratorGetApi" name="discoverEventsByAllEventType" time="7.862"/>
  <system-out/>
</testsuite> <!-- com.ripplestreet.AllGetApis.IteratorGetApi -->
