<?xml version="1.0" encoding="UTF-8"?>
<!-- Generated by org.testng.reporters.JUnitReportReporter -->
<testsuite hostname="LAPTOP-MC4R20CB" failures="0" tests="1" name="com.ripplestreet.AllPutApis.ActivityControllerPutApi" time="3.980" errors="0" timestamp="2023-07-05T12:09:04 IST" skipped="0">
  <testcase classname="com.ripplestreet.AllPutApis.ActivityControllerPutApi" name="UpdateActivity" time="3.980"/>
  <system-out/>
</testsuite> <!-- com.ripplestreet.AllPutApis.ActivityControllerPutApi -->
