<?xml version="1.0" encoding="UTF-8"?>
<!-- Generated by org.testng.reporters.JUnitReportReporter -->
<testsuite hostname="LAPTOP-MC4R20CB" failures="0" tests="1" name="com.ripplestreet.AllPutApis.CampaignControllerPutApi" time="4.268" errors="0" timestamp="2023-07-06T14:46:34 IST" skipped="0">
  <testcase classname="com.ripplestreet.AllPutApis.CampaignControllerPutApi" name="updateCampaign" time="4.268"/>
  <system-out/>
</testsuite> <!-- com.ripplestreet.AllPutApis.CampaignControllerPutApi -->
