<?xml version="1.0" encoding="UTF-8"?>
<!-- Generated by org.testng.reporters.JUnitReportReporter -->
<testsuite hostname="LAPTOP-MC4R20CB" failures="0" tests="3" name="com.ripplestreet.AllGetApis.SegmentationDefinitionControllerVersion2" time="4.971" errors="0" timestamp="2023-06-30T17:58:58 IST" skipped="0">
  <testcase classname="com.ripplestreet.AllGetApis.SegmentationDefinitionControllerVersion2" name="getSegmentDefinitionById" time="1.699"/>
  <system-out/>
  <testcase classname="com.ripplestreet.AllGetApis.SegmentationDefinitionControllerVersion2" name="getAllSegments" time="1.609"/>
  <system-out/>
  <testcase classname="com.ripplestreet.AllGetApis.SegmentationDefinitionControllerVersion2" name="getGetSegmentDefinitionByFolderIdAndSegmentId" time="1.663"/>
  <system-out/>
</testsuite> <!-- com.ripplestreet.AllGetApis.SegmentationDefinitionControllerVersion2 -->
