<?xml version="1.0" encoding="UTF-8"?>
<!-- Generated by org.testng.reporters.JUnitReportReporter -->
<testsuite hostname="LAPTOP-MC4R20CB" failures="0" tests="1" name="com.ripplestreet.AllPutApis.EventFeedControllerPutApi" time="4.174" errors="0" timestamp="2023-07-04T12:07:04 IST" skipped="0">
  <testcase classname="com.ripplestreet.AllPutApis.EventFeedControllerPutApi" name="likeAfeedById" time="4.174"/>
  <system-out/>
</testsuite> <!-- com.ripplestreet.AllPutApis.EventFeedControllerPutApi -->
