<?xml version="1.0" encoding="UTF-8"?>
<!-- Generated by org.testng.reporters.JUnitReportReporter -->
<testsuite hostname="LAPTOP-MC4R20CB" failures="0" tests="1" name="com.ripplestreet.eventController.OptinInflightActivationControllerGetApi" time="2.898" errors="0" timestamp="2023-06-16T13:22:48 IST" skipped="0">
  <testcase classname="com.ripplestreet.eventController.OptinInflightActivationControllerGetApi" name="getAllocationTransientRecordByEventIdAndPersonId" time="2.898"/>
  <system-out/>
</testsuite> <!-- com.ripplestreet.eventController.OptinInflightActivationControllerGetApi -->
