<?xml version="1.0" encoding="UTF-8"?>
<!-- Generated by org.testng.reporters.JUnitReportReporter -->
<testsuite hostname="LAPTOP-MC4R20CB" failures="0" tests="1" name="com.ripplestreet.eventController.ApplicationControllerGetApi" time="3.894" errors="0" timestamp="2023-06-16T14:22:28 IST" skipped="0">
  <testcase classname="com.ripplestreet.eventController.ApplicationControllerGetApi" name="getAllApplications" time="3.894"/>
  <system-out/>
</testsuite> <!-- com.ripplestreet.eventController.ApplicationControllerGetApi -->
