<?xml version="1.0" encoding="UTF-8"?>
<!-- Generated by org.testng.reporters.JUnitReportReporter -->
<testsuite hostname="LAPTOP-MC4R20CB" failures="0" tests="5" name="com.ripplestreet.eventController.EventFeedControllerGetApi" time="22.982" errors="0" timestamp="2023-06-16T11:18:11 IST" skipped="0">
  <testcase classname="com.ripplestreet.eventController.EventFeedControllerGetApi" name="getReviewFeedByEventId" time="3.990"/>
  <system-out/>
  <testcase classname="com.ripplestreet.eventController.EventFeedControllerGetApi" name="getAllFeedsForEvent" time="8.083"/>
  <system-out/>
  <testcase classname="com.ripplestreet.eventController.EventFeedControllerGetApi" name="getCommentFeedByEventId" time="5.281"/>
  <system-out/>
  <testcase classname="com.ripplestreet.eventController.EventFeedControllerGetApi" name="getFeedInfoById" time="1.570"/>
  <system-out/>
  <testcase classname="com.ripplestreet.eventController.EventFeedControllerGetApi" name="getPhotoFeedByEventId" time="4.058"/>
  <system-out/>
</testsuite> <!-- com.ripplestreet.eventController.EventFeedControllerGetApi -->
