<?xml version="1.0" encoding="UTF-8"?>
<!-- Generated by org.testng.reporters.JUnitReportReporter -->
<testsuite hostname="LAPTOP-MC4R20CB" failures="0" tests="1" name="com.ripplestreet.AllPutApis.RewardAllocationControllerPutApi" time="4.161" errors="0" timestamp="2023-07-05T16:42:12 IST" skipped="0">
  <testcase classname="com.ripplestreet.AllPutApis.RewardAllocationControllerPutApi" name="updateRewarditemAllocation" time="4.161"/>
  <system-out/>
</testsuite> <!-- com.ripplestreet.AllPutApis.RewardAllocationControllerPutApi -->
