<?xml version="1.0" encoding="UTF-8"?>
<!-- Generated by org.testng.reporters.JUnitReportReporter -->
<testsuite hostname="LAPTOP-MC4R20CB" failures="0" tests="1" name="Rest.Ripple.org.Test01_GEt" time="3.080" errors="0" timestamp="2023-06-05T12:21:30 IST" skipped="0">
  <testcase classname="Rest.Ripple.org.Test01_GEt" name="Test01" time="3.080"/>
</testsuite> <!-- Rest.Ripple.org.Test01_GEt -->
